<?xml version="1.0" encoding="UTF-8"?>
<!-- Generated by org.testng.reporters.JUnitXMLReporter -->
<testsuite ignored="0" hostname="ndi-mb-246" failures="0" tests="6" name="Surefire test" time="73.313" errors="0" timestamp="2022-01-13T10:58:59 IST">
  <testcase classname="pagetests.contact.SuccessMessageTest" name="initImpl" time="0.113"/>
  <testcase classname="pagetests.contact.SuccessMessageTest" name="test_to_open_the_correct_site_and_get_success_message" time="7.582"/>
  <testcase classname="pagetests.contact.ErrorMessageTest" name="initImpl" time="0.004"/>
  <testcase classname="pagetests.contact.ErrorMessageTest" name="test_to_open_the_correct_site_and_get_error_message" time="8.487"/>
  <testcase classname="pagetests.addtocart.AddToCartTest" name="initImpl" time="0.013"/>
  <testcase classname="pagetests.addtocart.AddToCartTest" name="add_to_cart_and_verify_name_and_price" time="34.677"/>
</testsuite> <!-- Surefire test -->
