<?xml version="1.0" encoding="UTF-8"?>
<testng-results ignored="0" total="6" passed="6" failed="0" skipped="0">
  <reporter-output>
  </reporter-output>
  <suite started-at="2022-01-13T10:57:45 IST" name="Surefire suite" finished-at="2022-01-13T10:58:59 IST" duration-ms="73313">
    <groups>
    </groups>
    <test started-at="2022-01-13T10:57:45 IST" name="Surefire test" finished-at="2022-01-13T10:58:59 IST" duration-ms="73313">
      <class name="pagetests.contact.ErrorMessageTest">
        <test-method is-config="true" signature="openBrowser()[pri:0, instance:pagetests.contact.ErrorMessageTest@11a82d0f]" started-at="2022-01-13T10:58:01 IST" name="openBrowser" finished-at="2022-01-13T10:58:08 IST" duration-ms="7382" status="PASS">
          <reporter-output>
          </reporter-output>
        </test-method> <!-- openBrowser -->
        <test-method signature="initImpl()[pri:0, instance:pagetests.contact.ErrorMessageTest@11a82d0f]" started-at="2022-01-13T10:58:08 IST" name="initImpl" finished-at="2022-01-13T10:58:08 IST" duration-ms="4" status="PASS">
          <reporter-output>
          </reporter-output>
        </test-method> <!-- initImpl -->
        <test-method signature="test_to_open_the_correct_site_and_get_error_message()[pri:0, instance:pagetests.contact.ErrorMessageTest@11a82d0f]" started-at="2022-01-13T10:58:08 IST" name="test_to_open_the_correct_site_and_get_error_message" finished-at="2022-01-13T10:58:17 IST" depends-on-methods="pagetests.contact.ErrorMessageTest.initImpl" duration-ms="8487" status="PASS">
          <reporter-output>
          </reporter-output>
        </test-method> <!-- test_to_open_the_correct_site_and_get_error_message -->
        <test-method is-config="true" signature="close()[pri:0, instance:pagetests.contact.ErrorMessageTest@11a82d0f]" started-at="2022-01-13T10:58:17 IST" name="close" finished-at="2022-01-13T10:58:17 IST" duration-ms="126" status="PASS">
          <reporter-output>
          </reporter-output>
        </test-method> <!-- close -->
      </class> <!-- pagetests.contact.ErrorMessageTest -->
      <class name="pagetests.addtocart.AddToCartTest">
        <test-method is-config="true" signature="openBrowser()[pri:0, instance:pagetests.addtocart.AddToCartTest@1adb7478]" started-at="2022-01-13T10:58:17 IST" name="openBrowser" finished-at="2022-01-13T10:58:24 IST" duration-ms="6858" status="PASS">
          <reporter-output>
          </reporter-output>
        </test-method> <!-- openBrowser -->
        <test-method signature="initImpl()[pri:0, instance:pagetests.addtocart.AddToCartTest@1adb7478]" started-at="2022-01-13T10:58:24 IST" name="initImpl" finished-at="2022-01-13T10:58:24 IST" duration-ms="13" status="PASS">
          <reporter-output>
          </reporter-output>
        </test-method> <!-- initImpl -->
        <test-method signature="add_to_cart_and_verify_name_and_price()[pri:0, instance:pagetests.addtocart.AddToCartTest@1adb7478]" started-at="2022-01-13T10:58:24 IST" name="add_to_cart_and_verify_name_and_price" finished-at="2022-01-13T10:58:58 IST" depends-on-methods="pagetests.addtocart.AddToCartTest.initImpl" duration-ms="34677" status="PASS">
          <reporter-output>
          </reporter-output>
        </test-method> <!-- add_to_cart_and_verify_name_and_price -->
        <test-method is-config="true" signature="close()[pri:0, instance:pagetests.addtocart.AddToCartTest@1adb7478]" started-at="2022-01-13T10:58:58 IST" name="close" finished-at="2022-01-13T10:58:59 IST" duration-ms="124" status="PASS">
          <reporter-output>
          </reporter-output>
        </test-method> <!-- close -->
      </class> <!-- pagetests.addtocart.AddToCartTest -->
      <class name="pagetests.contact.SuccessMessageTest">
        <test-method is-config="true" signature="openBrowser()[pri:0, instance:pagetests.contact.SuccessMessageTest@4e6d7365]" started-at="2022-01-13T10:57:45 IST" name="openBrowser" finished-at="2022-01-13T10:57:53 IST" duration-ms="7722" status="PASS">
          <reporter-output>
          </reporter-output>
        </test-method> <!-- openBrowser -->
        <test-method signature="initImpl()[pri:0, instance:pagetests.contact.SuccessMessageTest@4e6d7365]" started-at="2022-01-13T10:57:53 IST" name="initImpl" finished-at="2022-01-13T10:57:53 IST" duration-ms="113" status="PASS">
          <reporter-output>
          </reporter-output>
        </test-method> <!-- initImpl -->
        <test-method signature="test_to_open_the_correct_site_and_get_success_message()[pri:0, instance:pagetests.contact.SuccessMessageTest@4e6d7365]" started-at="2022-01-13T10:57:53 IST" name="test_to_open_the_correct_site_and_get_success_message" finished-at="2022-01-13T10:58:01 IST" depends-on-methods="pagetests.contact.SuccessMessageTest.initImpl" duration-ms="7582" status="PASS">
          <reporter-output>
          </reporter-output>
        </test-method> <!-- test_to_open_the_correct_site_and_get_success_message -->
        <test-method is-config="true" signature="close()[pri:0, instance:pagetests.contact.SuccessMessageTest@4e6d7365]" started-at="2022-01-13T10:58:01 IST" name="close" finished-at="2022-01-13T10:58:01 IST" duration-ms="122" status="PASS">
          <reporter-output>
          </reporter-output>
        </test-method> <!-- close -->
      </class> <!-- pagetests.contact.SuccessMessageTest -->
    </test> <!-- Surefire test -->
  </suite> <!-- Surefire suite -->
</testng-results>
