<?xml version="1.0" encoding="UTF-8"?>
<testsuite xmlns:xsi="http://www.w3.org/2001/XMLSchema-instance" xsi:noNamespaceSchemaLocation="https://maven.apache.org/surefire/maven-surefire-plugin/xsd/surefire-test-report-3.0.xsd" version="3.0" name="TestSuite" time="54.93" tests="7" errors="0" skipped="0" failures="4">
  <properties>
[...]
</properties>
  <testcase name="initImpl" classname="pagetests.contact.SuccessMessageTest" time="0.173"/>
  <testcase name="test1_to_open_the_correct_site_and_get_success_message" classname="pagetests.contact.SuccessMessageTest" time="10.468">
    <failure message="expected:&lt;[automationpractice.com]&gt; but was:&lt;[My Store]&gt;" type="org.junit.ComparisonFailure"><![CDATA[org.junit.ComparisonFailure: expected:<[automationpractice.com]> but was:<[My Store]>
	at pagetests.contact.SuccessMessageTest.test1_to_open_the_correct_site_and_get_success_message(SuccessMessageTest.java:30)
]]></failure>
    <system-out><![CDATA[[[Step Logger]] --- Verify correct site is opened
]]></system-out>
  </testcase>
  <testcase name="test2_to_open_the_correct_site_and_get_error_message" classname="pagetests.contact.SuccessMessageTest" time="13.313">
    <failure message="expected:&lt;[automationpractice.com]&gt; but was:&lt;[My Store]&gt;" type="org.junit.ComparisonFailure"><![CDATA[org.junit.ComparisonFailure: expected:<[automationpractice.com]> but was:<[My Store]>
	at pagetests.contact.SuccessMessageTest.test2_to_open_the_correct_site_and_get_error_message(SuccessMessageTest.java:58)
]]></failure>
    <system-out><![CDATA[[[Step Logger]] --- Verify correct site is opened
]]></system-out>
    <system-err><![CDATA[Starting ChromeDriver 96.0.4664.45 (76e4c1bb2ab4671b8beba3444e61c0f17584b2fc-refs/branch-heads/4664@{#947}) on port 29239
Only local connections are allowed.
Please see https://chromedriver.chromium.org/security-considerations for suggestions on keeping ChromeDriver safe.
ChromeDriver was started successfully.
Jan 23, 2022 7:12:27 PM org.openqa.selenium.remote.ProtocolHandshake createSession
INFO: Detected dialect: W3C
]]></system-err>
  </testcase>
  <testcase name="initImpl" classname="pagetests.contact.ErrorMessageTest" time="0.003"/>
  <testcase name="test_to_open_the_correct_site_and_get_error_message" classname="pagetests.contact.ErrorMessageTest" time="10.389">
    <failure message="no such window: window was already closed&#10;  (Session info: chrome=96.0.4664.110)&#10;Build info: version: &apos;3.141.59&apos;, revision: &apos;e82be7d358&apos;, time: &apos;2018-11-14T08:17:03&apos;&#10;System info: host: &apos;ndi-mb-246&apos;, ip: &apos;fe80:0:0:0:18bd:d6d4:5eca:3e3d%en0&apos;, os.name: &apos;Mac OS X&apos;, os.arch: &apos;aarch64&apos;, os.version: &apos;12.1&apos;, java.version: &apos;17.0.1&apos;&#10;Driver info: org.openqa.selenium.chrome.ChromeDriver&#10;Capabilities {acceptInsecureCerts: false, browserName: chrome, browserVersion: 96.0.4664.110, chrome: {chromedriverVersion: 96.0.4664.45 (76e4c1bb2ab46..., userDataDir: /var/folders/h4/w27dk65s4lz...}, goog:chromeOptions: {debuggerAddress: localhost:51699}, javascriptEnabled: true, networkConnectionEnabled: false, pageLoadStrategy: normal, platform: MAC, platformName: MAC, proxy: Proxy(), setWindowRect: true, strictFileInteractability: false, timeouts: {implicit: 0, pageLoad: 300000, script: 30000}, unhandledPromptBehavior: dismiss and notify, webauthn:extension:credBlob: true, webauthn:extension:largeBlob: true, webauthn:virtualAuthenticators: true}&#10;Session ID: 28d38af62c1ddfef7fc35508d920666d" type="org.openqa.selenium.NoSuchWindowException"><![CDATA[org.openqa.selenium.NoSuchWindowException: 
no such window: window was already closed
  (Session info: chrome=96.0.4664.110)
Build info: version: '3.141.59', revision: 'e82be7d358', time: '2018-11-14T08:17:03'
System info: host: 'ndi-mb-246', ip: 'fe80:0:0:0:18bd:d6d4:5eca:3e3d%en0', os.name: 'Mac OS X', os.arch: 'aarch64', os.version: '12.1', java.version: '17.0.1'
Driver info: org.openqa.selenium.chrome.ChromeDriver
Capabilities {acceptInsecureCerts: false, browserName: chrome, browserVersion: 96.0.4664.110, chrome: {chromedriverVersion: 96.0.4664.45 (76e4c1bb2ab46..., userDataDir: /var/folders/h4/w27dk65s4lz...}, goog:chromeOptions: {debuggerAddress: localhost:51699}, javascriptEnabled: true, networkConnectionEnabled: false, pageLoadStrategy: normal, platform: MAC, platformName: MAC, proxy: Proxy(), setWindowRect: true, strictFileInteractability: false, timeouts: {implicit: 0, pageLoad: 300000, script: 30000}, unhandledPromptBehavior: dismiss and notify, webauthn:extension:credBlob: true, webauthn:extension:largeBlob: true, webauthn:virtualAuthenticators: true}
Session ID: 28d38af62c1ddfef7fc35508d920666d
	at pagetests.contact.ErrorMessageTest.test_to_open_the_correct_site_and_get_error_message(ErrorMessageTest.java:29)
]]></failure>
    <system-out><![CDATA[[[Step Logger]] --- Verify correct site is opened
]]></system-out>
  </testcase>
  <testcase name="initImpl" classname="pagetests.addtocart.AddToCartTest" time="0.003"/>
  <testcase name="add_to_cart_and_verify_name_and_price" classname="pagetests.addtocart.AddToCartTest" time="10.394">
    <failure message="no such window: window was already closed&#10;  (Session info: chrome=96.0.4664.110)&#10;Build info: version: &apos;3.141.59&apos;, revision: &apos;e82be7d358&apos;, time: &apos;2018-11-14T08:17:03&apos;&#10;System info: host: &apos;ndi-mb-246&apos;, ip: &apos;fe80:0:0:0:18bd:d6d4:5eca:3e3d%en0&apos;, os.name: &apos;Mac OS X&apos;, os.arch: &apos;aarch64&apos;, os.version: &apos;12.1&apos;, java.version: &apos;17.0.1&apos;&#10;Driver info: org.openqa.selenium.chrome.ChromeDriver&#10;Capabilities {acceptInsecureCerts: false, browserName: chrome, browserVersion: 96.0.4664.110, chrome: {chromedriverVersion: 96.0.4664.45 (76e4c1bb2ab46..., userDataDir: /var/folders/h4/w27dk65s4lz...}, goog:chromeOptions: {debuggerAddress: localhost:51731}, javascriptEnabled: true, networkConnectionEnabled: false, pageLoadStrategy: normal, platform: MAC, platformName: MAC, proxy: Proxy(), setWindowRect: true, strictFileInteractability: false, timeouts: {implicit: 0, pageLoad: 300000, script: 30000}, unhandledPromptBehavior: dismiss and notify, webauthn:extension:credBlob: true, webauthn:extension:largeBlob: true, webauthn:virtualAuthenticators: true}&#10;Session ID: 2b8b8511c936925fdd3d4702543e0627" type="org.openqa.selenium.NoSuchWindowException"><![CDATA[org.openqa.selenium.NoSuchWindowException: 
no such window: window was already closed
  (Session info: chrome=96.0.4664.110)
Build info: version: '3.141.59', revision: 'e82be7d358', time: '2018-11-14T08:17:03'
System info: host: 'ndi-mb-246', ip: 'fe80:0:0:0:18bd:d6d4:5eca:3e3d%en0', os.name: 'Mac OS X', os.arch: 'aarch64', os.version: '12.1', java.version: '17.0.1'
Driver info: org.openqa.selenium.chrome.ChromeDriver
Capabilities {acceptInsecureCerts: false, browserName: chrome, browserVersion: 96.0.4664.110, chrome: {chromedriverVersion: 96.0.4664.45 (76e4c1bb2ab46..., userDataDir: /var/folders/h4/w27dk65s4lz...}, goog:chromeOptions: {debuggerAddress: localhost:51731}, javascriptEnabled: true, networkConnectionEnabled: false, pageLoadStrategy: normal, platform: MAC, platformName: MAC, proxy: Proxy(), setWindowRect: true, strictFileInteractability: false, timeouts: {implicit: 0, pageLoad: 300000, script: 30000}, unhandledPromptBehavior: dismiss and notify, webauthn:extension:credBlob: true, webauthn:extension:largeBlob: true, webauthn:virtualAuthenticators: true}
Session ID: 2b8b8511c936925fdd3d4702543e0627
	at pagetests.addtocart.AddToCartTest.add_to_cart_and_verify_name_and_price(AddToCartTest.java:31)
]]></failure>
    <system-out><![CDATA[[[Step Logger]] --- Verify correct site is opened
]]></system-out>
  </testcase>
</testsuite>