<?xml version="1.0" encoding="UTF-8"?>
<testsuite xmlns:xsi="http://www.w3.org/2001/XMLSchema-instance" xsi:noNamespaceSchemaLocation="https://maven.apache.org/surefire/maven-surefire-plugin/xsd/surefire-test-report-3.0.xsd" version="3.0" name="TestSuite" time="73.779" tests="6" errors="0" skipped="0" failures="0">
  <properties>
[...]
</properties>
  <testcase name="initImpl" classname="pagetests.contact.SuccessMessageTest" time="0.064"/>
  <testcase name="test_to_open_the_correct_site_and_get_success_message" classname="pagetests.contact.SuccessMessageTest" time="7.584"/>
  <testcase name="initImpl" classname="pagetests.contact.ErrorMessageTest" time="0"/>
  <testcase name="test_to_open_the_correct_site_and_get_error_message" classname="pagetests.contact.ErrorMessageTest" time="8.492"/>
  <testcase name="initImpl" classname="pagetests.addtocart.AddToCartTest" time="0.001"/>
  <testcase name="add_to_cart_and_verify_name_and_price" classname="pagetests.addtocart.AddToCartTest" time="34.684"/>
</testsuite>